# JRE version: OpenJDK Runtime Environment (8.0_152) (build 1.8.0_152-release-1343-b16-5323222)
# Java VM: OpenJDK 64-Bit Server VM (25.152-b16-5323222 mixed mode linux-amd64 compressed oops)
Heap:
 PSYoungGen      total 188416K, used 96628K [0x00000000e0000000, 0x00000000ff500000, 0x0000000100000000)
  eden space 175104K, 47% used [0x00000000e0000000,0x00000000e5195478,0x00000000eab00000)
  from space 13312K, 98% used [0x00000000eab00000,0x00000000eb7c7ec0,0x00000000eb800000)
  to   space 168960K, 0% used [0x00000000f5000000,0x00000000f5000000,0x00000000ff500000)
 ParOldGen       total 523264K, used 397326K [0x00000000a0000000, 0x00000000bff00000, 0x00000000e0000000)
  object space 523264K, 75% used [0x00000000a0000000,0x00000000b8403a08,0x00000000bff00000)
 Metaspace       used 114469K, capacity 120126K, committed 120320K, reserved 1155072K
  class space    used 14027K, capacity 15076K, committed 15104K, reserved 1048576K
GC Heap History (10 events):
Event: 269.172 GC heap before
{Heap before GC invocations=107 (full 10):
 PSYoungGen      total 341504K, used 341141K [0x00000000e0000000, 0x0000000100000000, 0x0000000100000000)
  eden space 225280K, 99% used [0x00000000e0000000,0x00000000edbab870,0x00000000edc00000)
  from space 116224K, 99% used [0x00000000f8e80000,0x00000000ffff9cb8,0x0000000100000000)
  to   space 149504K, 0% used [0x00000000edc00000,0x00000000edc00000,0x00000000f6e00000)
 ParOldGen       total 523264K, used 291262K [0x00000000a0000000, 0x00000000bff00000, 0x00000000e0000000)
  object space 523264K, 55% used [0x00000000a0000000,0x00000000b1c6fbf8,0x00000000bff00000)
 Metaspace       used 111887K, capacity 116924K, committed 117120K, reserved 1150976K
  class space    used 13679K, capacity 14663K, committed 14720K, reserved 1048576K
Event: 269.392 GC heap after
Heap after GC invocations=107 (full 10):
 PSYoungGen      total 374784K, used 149502K [0x00000000e0000000, 0x0000000100000000, 0x0000000100000000)
  eden space 225280K, 0% used [0x00000000e0000000,0x00000000e0000000,0x00000000edc00000)
  from space 149504K, 99% used [0x00000000edc00000,0x00000000f6dffaa8,0x00000000f6e00000)
  to   space 149504K, 0% used [0x00000000f6e00000,0x00000000f6e00000,0x0000000100000000)
 ParOldGen       total 523264K, used 314229K [0x00000000a0000000, 0x00000000bff00000, 0x00000000e0000000)
  object space 523264K, 60% used [0x00000000a0000000,0x00000000b32dd638,0x00000000bff00000)
 Metaspace       used 111887K, capacity 116924K, committed 117120K, reserved 1150976K
  class space    used 13679K, capacity 14663K, committed 14720K, reserved 1048576K
}
Event: 271.930 GC heap before
{Heap before GC invocations=108 (full 10):
 PSYoungGen      total 374784K, used 374782K [0x00000000e0000000, 0x0000000100000000, 0x0000000100000000)
  eden space 225280K, 100% used [0x00000000e0000000,0x00000000edc00000,0x00000000edc00000)
  from space 149504K, 99% used [0x00000000edc00000,0x00000000f6dffaa8,0x00000000f6e00000)
  to   space 149504K, 0% used [0x00000000f6e00000,0x00000000f6e00000,0x0000000100000000)
 ParOldGen       total 523264K, used 314230K [0x00000000a0000000, 0x00000000bff00000, 0x00000000e0000000)
  object space 523264K, 60% used [0x00000000a0000000,0x00000000b32dd968,0x00000000bff00000)
 Metaspace       used 111992K, capacity 117078K, committed 117376K, reserved 1153024K
  class space    used 13691K, capacity 14670K, committed 14720K, reserved 1048576K
Event: 272.093 GC heap after
Heap after GC invocations=108 (full 10):
 PSYoungGen      total 324608K, used 18970K [0x00000000e0000000, 0x0000000100000000, 0x0000000100000000)
  eden space 175104K, 0% used [0x00000000e0000000,0x00000000e0000000,0x00000000eab00000)
  from space 149504K, 12% used [0x00000000f6e00000,0x00000000f80868f0,0x0000000100000000)
  to   space 174592K, 0% used [0x00000000eab00000,0x00000000eab00000,0x00000000f5580000)
 ParOldGen       total 523264K, used 378128K [0x00000000a0000000, 0x00000000bff00000, 0x00000000e0000000)
  object space 523264K, 72% used [0x00000000a0000000,0x00000000b7144108,0x00000000bff00000)
 Metaspace       used 111992K, capacity 117078K, committed 117376K, reserved 1153024K
  class space    used 13691K, capacity 14670K, committed 14720K, reserved 1048576K
}
Event: 276.366 GC heap before
{Heap before GC invocations=109 (full 10):
 PSYoungGen      total 324608K, used 194074K [0x00000000e0000000, 0x0000000100000000, 0x0000000100000000)
  eden space 175104K, 100% used [0x00000000e0000000,0x00000000eab00000,0x00000000eab00000)
  from space 149504K, 12% used [0x00000000f6e00000,0x00000000f80868f0,0x0000000100000000)
  to   space 174592K, 0% used [0x00000000eab00000,0x00000000eab00000,0x00000000f5580000)
 ParOldGen       total 523264K, used 378134K [0x00000000a0000000, 0x00000000bff00000, 0x00000000e0000000)
  object space 523264K, 72% used [0x00000000a0000000,0x00000000b7145890,0x00000000bff00000)
 Metaspace       used 113475K, capacity 118974K, committed 119168K, reserved 1153024K
  class space    used 13915K, capacity 14923K, committed 14976K, reserved 1048576K
Event: 276.403 GC heap after
Heap after GC invocations=109 (full 10):
 PSYoungGen      total 349696K, used 6234K [0x00000000e0000000, 0x0000000100000000, 0x0000000100000000)
  eden space 175104K, 0% used [0x00000000e0000000,0x00000000e0000000,0x00000000eab00000)
  from space 174592K, 3% used [0x00000000eab00000,0x00000000eb1168d8,0x00000000f5580000)
  to   space 174592K, 0% used [0x00000000f5580000,0x00000000f5580000,0x0000000100000000)
 ParOldGen       total 523264K, used 395736K [0x00000000a0000000, 0x00000000bff00000, 0x00000000e0000000)
  object space 523264K, 75% used [0x00000000a0000000,0x00000000b8276060,0x00000000bff00000)
 Metaspace       used 113475K, capacity 118974K, committed 119168K, reserved 1153024K
  class space    used 13915K, capacity 14923K, committed 14976K, reserved 1048576K
}
Event: 353.853 GC heap before
{Heap before GC invocations=110 (full 10):
 PSYoungGen      total 349696K, used 181338K [0x00000000e0000000, 0x0000000100000000, 0x0000000100000000)
  eden space 175104K, 100% used [0x00000000e0000000,0x00000000eab00000,0x00000000eab00000)
  from space 174592K, 3% used [0x00000000eab00000,0x00000000eb1168d8,0x00000000f5580000)
  to   space 174592K, 0% used [0x00000000f5580000,0x00000000f5580000,0x0000000100000000)
 ParOldGen       total 523264K, used 395736K [0x00000000a0000000, 0x00000000bff00000, 0x00000000e0000000)
  object space 523264K, 75% used [0x00000000a0000000,0x00000000b8276060,0x00000000bff00000)
 Metaspace       used 114232K, capacity 119822K, committed 120064K, reserved 1155072K
  class space    used 14005K, capacity 15036K, committed 15104K, reserved 1048576K
Event: 353.889 GC heap after
Heap after GC invocations=110 (full 10):
 PSYoungGen      total 349696K, used 5456K [0x00000000e0000000, 0x0000000100000000, 0x0000000100000000)
  eden space 175104K, 0% used [0x00000000e0000000,0x00000000e0000000,0x00000000eab00000)
  from space 174592K, 3% used [0x00000000f5580000,0x00000000f5ad4058,0x0000000100000000)
  to   space 174592K, 0% used [0x00000000eab00000,0x00000000eab00000,0x00000000f5580000)
 ParOldGen       total 523264K, used 397318K [0x00000000a0000000, 0x00000000bff00000, 0x00000000e0000000)
  object space 523264K, 75% used [0x00000000a0000000,0x00000000b8401a08,0x00000000bff00000)
 Metaspace       used 114232K, capacity 119822K, committed 120064K, reserved 1155072K
  class space    used 14005K, capacity 15036K, committed 15104K, reserved 1048576K
}
Event: 360.220 GC heap before
{Heap before GC invocations=111 (full 10):
 PSYoungGen      total 349696K, used 180560K [0x00000000e0000000, 0x0000000100000000, 0x0000000100000000)
  eden space 175104K, 100% used [0x00000000e0000000,0x00000000eab00000,0x00000000eab00000)
  from space 174592K, 3% used [0x00000000f5580000,0x00000000f5ad4058,0x0000000100000000)
  to   space 174592K, 0% used [0x00000000eab00000,0x00000000eab00000,0x00000000f5580000)
 ParOldGen       total 523264K, used 397318K [0x00000000a0000000, 0x00000000bff00000, 0x00000000e0000000)
  object space 523264K, 75% used [0x00000000a0000000,0x00000000b8401a08,0x00000000bff00000)
 Metaspace       used 114427K, capacity 120126K, committed 120320K, reserved 1155072K
  class space    used 14027K, capacity 15076K, committed 15104K, reserved 1048576K
Event: 360.256 GC heap after
Heap after GC invocations=111 (full 10):
 PSYoungGen      total 188416K, used 13087K [0x00000000e0000000, 0x00000000ff500000, 0x0000000100000000)
  eden space 175104K, 0% used [0x00000000e0000000,0x00000000e0000000,0x00000000eab00000)
  from space 13312K, 98% used [0x00000000eab00000,0x00000000eb7c7ec0,0x00000000eb800000)
  to   space 168960K, 0% used [0x00000000f5000000,0x00000000f5000000,0x00000000ff500000)
 ParOldGen       total 523264K, used 397326K [0x00000000a0000000, 0x00000000bff00000, 0x00000000e0000000)
  object space 523264K, 75% used [0x00000000a0000000,0x00000000b8403a08,0x00000000bff00000)
 Metaspace       used 114427K, capacity 120126K, committed 120320K, reserved 1155072K
  class space    used 14027K, capacity 15076K, committed 15104K, reserved 1048576K
}

