# JRE version: OpenJDK Runtime Environment (8.0_152) (build 1.8.0_152-release-1343-b16-5323222)
# Java VM: OpenJDK 64-Bit Server VM (25.152-b16-5323222 mixed mode linux-amd64 compressed oops)
Heap:
 PSYoungGen      total 414208K, used 0K [0x00000000e0000000, 0x0000000100000000, 0x0000000100000000)
  eden space 382976K, 0% used [0x00000000e0000000,0x00000000e0000000,0x00000000f7600000)
  from space 31232K, 0% used [0x00000000fde80000,0x00000000fde80000,0x00000000ffd00000)
  to   space 70656K, 0% used [0x00000000f7600000,0x00000000f7600000,0x00000000fbb00000)
 ParOldGen       total 232448K, used 181492K [0x00000000a0000000, 0x00000000ae300000, 0x00000000e0000000)
  object space 232448K, 78% used [0x00000000a0000000,0x00000000ab13d150,0x00000000ae300000)
 Metaspace       used 75068K, capacity 77954K, committed 78104K, reserved 1116160K
  class space    used 9872K, capacity 10489K, committed 10544K, reserved 1048576K
GC Heap History (10 events):
Event: 19.120 GC heap after
Heap after GC invocations=24 (full 4):
 PSYoungGen      total 474624K, used 11882K [0x00000000e0000000, 0x00000000ff180000, 0x0000000100000000)
  eden space 448000K, 0% used [0x00000000e0000000,0x00000000e0000000,0x00000000fb580000)
  from space 26624K, 44% used [0x00000000fd780000,0x00000000fe31a818,0x00000000ff180000)
  to   space 30720K, 0% used [0x00000000fb580000,0x00000000fb580000,0x00000000fd380000)
 ParOldGen       total 215552K, used 111191K [0x00000000a0000000, 0x00000000ad280000, 0x00000000e0000000)
  object space 215552K, 51% used [0x00000000a0000000,0x00000000a6c95e60,0x00000000ad280000)
 Metaspace       used 73564K, capacity 76280K, committed 76696K, reserved 1116160K
  class space    used 9701K, capacity 10290K, committed 10416K, reserved 1048576K
}
Event: 20.483 GC heap before
{Heap before GC invocations=25 (full 4):
 PSYoungGen      total 474624K, used 459882K [0x00000000e0000000, 0x00000000ff180000, 0x0000000100000000)
  eden space 448000K, 100% used [0x00000000e0000000,0x00000000fb580000,0x00000000fb580000)
  from space 26624K, 44% used [0x00000000fd780000,0x00000000fe31a818,0x00000000ff180000)
  to   space 30720K, 0% used [0x00000000fb580000,0x00000000fb580000,0x00000000fd380000)
 ParOldGen       total 215552K, used 111191K [0x00000000a0000000, 0x00000000ad280000, 0x00000000e0000000)
  object space 215552K, 51% used [0x00000000a0000000,0x00000000a6c95e60,0x00000000ad280000)
 Metaspace       used 73988K, capacity 76812K, committed 77336K, reserved 1116160K
  class space    used 9762K, capacity 10374K, committed 10544K, reserved 1048576K
Event: 20.527 GC heap after
Heap after GC invocations=25 (full 4):
 PSYoungGen      total 478720K, used 24260K [0x00000000e0000000, 0x0000000100000000, 0x0000000100000000)
  eden space 448000K, 0% used [0x00000000e0000000,0x00000000e0000000,0x00000000fb580000)
  from space 30720K, 78% used [0x00000000fb580000,0x00000000fcd31338,0x00000000fd380000)
  to   space 32768K, 0% used [0x00000000fe000000,0x00000000fe000000,0x0000000100000000)
 ParOldGen       total 215552K, used 118448K [0x00000000a0000000, 0x00000000ad280000, 0x00000000e0000000)
  object space 215552K, 54% used [0x00000000a0000000,0x00000000a73ac1b8,0x00000000ad280000)
 Metaspace       used 73988K, capacity 76812K, committed 77336K, reserved 1116160K
  class space    used 9762K, capacity 10374K, committed 10544K, reserved 1048576K
}
Event: 21.763 GC heap before
{Heap before GC invocations=26 (full 4):
 PSYoungGen      total 478720K, used 472260K [0x00000000e0000000, 0x0000000100000000, 0x0000000100000000)
  eden space 448000K, 100% used [0x00000000e0000000,0x00000000fb580000,0x00000000fb580000)
  from space 30720K, 78% used [0x00000000fb580000,0x00000000fcd31338,0x00000000fd380000)
  to   space 32768K, 0% used [0x00000000fe000000,0x00000000fe000000,0x0000000100000000)
 ParOldGen       total 215552K, used 118448K [0x00000000a0000000, 0x00000000ad280000, 0x00000000e0000000)
  object space 215552K, 54% used [0x00000000a0000000,0x00000000a73ac1b8,0x00000000ad280000)
 Metaspace       used 74273K, capacity 77108K, committed 77336K, reserved 1116160K
  class space    used 9794K, capacity 10396K, committed 10544K, reserved 1048576K
Event: 21.803 GC heap after
Heap after GC invocations=26 (full 4):
 PSYoungGen      total 491520K, used 5639K [0x00000000e0000000, 0x0000000100000000, 0x0000000100000000)
  eden space 458752K, 0% used [0x00000000e0000000,0x00000000e0000000,0x00000000fc000000)
  from space 32768K, 17% used [0x00000000fe000000,0x00000000fe581ec8,0x0000000100000000)
  to   space 32768K, 0% used [0x00000000fc000000,0x00000000fc000000,0x00000000fe000000)
 ParOldGen       total 215552K, used 136302K [0x00000000a0000000, 0x00000000ad280000, 0x00000000e0000000)
  object space 215552K, 63% used [0x00000000a0000000,0x00000000a851b850,0x00000000ad280000)
 Metaspace       used 74273K, capacity 77108K, committed 77336K, reserved 1116160K
  class space    used 9794K, capacity 10396K, committed 10544K, reserved 1048576K
}
Event: 23.225 GC heap before
{Heap before GC invocations=27 (full 4):
 PSYoungGen      total 491520K, used 464391K [0x00000000e0000000, 0x0000000100000000, 0x0000000100000000)
  eden space 458752K, 100% used [0x00000000e0000000,0x00000000fc000000,0x00000000fc000000)
  from space 32768K, 17% used [0x00000000fe000000,0x00000000fe581ec8,0x0000000100000000)
  to   space 32768K, 0% used [0x00000000fc000000,0x00000000fc000000,0x00000000fe000000)
 ParOldGen       total 215552K, used 136302K [0x00000000a0000000, 0x00000000ad280000, 0x00000000e0000000)
  object space 215552K, 63% used [0x00000000a0000000,0x00000000a851b850,0x00000000ad280000)
 Metaspace       used 74318K, capacity 77108K, committed 77336K, reserved 1116160K
  class space    used 9794K, capacity 10396K, committed 10544K, reserved 1048576K
Event: 23.245 GC heap after
Heap after GC invocations=27 (full 4):
 PSYoungGen      total 469504K, used 10745K [0x00000000e0000000, 0x00000000ffd00000, 0x0000000100000000)
  eden space 458752K, 0% used [0x00000000e0000000,0x00000000e0000000,0x00000000fc000000)
  from space 10752K, 99% used [0x00000000fc000000,0x00000000fca7e7c8,0x00000000fca80000)
  to   space 31232K, 0% used [0x00000000fde80000,0x00000000fde80000,0x00000000ffd00000)
 ParOldGen       total 215552K, used 138827K [0x00000000a0000000, 0x00000000ad280000, 0x00000000e0000000)
  object space 215552K, 64% used [0x00000000a0000000,0x00000000a8792f58,0x00000000ad280000)
 Metaspace       used 74318K, capacity 77108K, committed 77336K, reserved 1116160K
  class space    used 9794K, capacity 10396K, committed 10544K, reserved 1048576K
}
Event: 26.014 GC heap before
{Heap before GC invocations=28 (full 4):
 PSYoungGen      total 469504K, used 469497K [0x00000000e0000000, 0x00000000ffd00000, 0x0000000100000000)
  eden space 458752K, 100% used [0x00000000e0000000,0x00000000fc000000,0x00000000fc000000)
  from space 10752K, 99% used [0x00000000fc000000,0x00000000fca7e7c8,0x00000000fca80000)
  to   space 31232K, 0% used [0x00000000fde80000,0x00000000fde80000,0x00000000ffd00000)
 ParOldGen       total 215552K, used 138827K [0x00000000a0000000, 0x00000000ad280000, 0x00000000e0000000)
  object space 215552K, 64% used [0x00000000a0000000,0x00000000a8792f58,0x00000000ad280000)
 Metaspace       used 75069K, capacity 77956K, committed 78104K, reserved 1116160K
  class space    used 9873K, capacity 10490K, committed 10544K, reserved 1048576K
Event: 27.050 GC heap after
Heap after GC invocations=28 (full 4):
 PSYoungGen      total 414208K, used 31210K [0x00000000e0000000, 0x0000000100000000, 0x0000000100000000)
  eden space 382976K, 0% used [0x00000000e0000000,0x00000000e0000000,0x00000000f7600000)
  from space 31232K, 99% used [0x00000000fde80000,0x00000000ffcfa928,0x00000000ffd00000)
  to   space 70656K, 0% used [0x00000000f7600000,0x00000000f7600000,0x00000000fbb00000)
 ParOldGen       total 232448K, used 232190K [0x00000000a0000000, 0x00000000ae300000, 0x00000000e0000000)
  object space 232448K, 99% used [0x00000000a0000000,0x00000000ae2bf950,0x00000000ae300000)
 Metaspace       used 75069K, capacity 77956K, committed 78104K, reserved 1116160K
  class space    used 9873K, capacity 10490K, committed 10544K, reserved 1048576K
}
Event: 27.050 GC heap before
{Heap before GC invocations=29 (full 5):
 PSYoungGen      total 414208K, used 31210K [0x00000000e0000000, 0x0000000100000000, 0x0000000100000000)
  eden space 382976K, 0% used [0x00000000e0000000,0x00000000e0000000,0x00000000f7600000)
  from space 31232K, 99% used [0x00000000fde80000,0x00000000ffcfa928,0x00000000ffd00000)
  to   space 70656K, 0% used [0x00000000f7600000,0x00000000f7600000,0x00000000fbb00000)
 ParOldGen       total 232448K, used 232190K [0x00000000a0000000, 0x00000000ae300000, 0x00000000e0000000)
  object space 232448K, 99% used [0x00000000a0000000,0x00000000ae2bf950,0x00000000ae300000)
 Metaspace       used 75069K, capacity 77956K, committed 78104K, reserved 1116160K
  class space    used 9873K, capacity 10490K, committed 10544K, reserved 1048576K

