# JRE version: OpenJDK Runtime Environment (8.0_152) (build 1.8.0_152-release-1343-b16-5323222)
# Java VM: OpenJDK 64-Bit Server VM (25.152-b16-5323222 mixed mode linux-amd64 compressed oops)
Heap:
 PSYoungGen      total 310784K, used 32751K [0x00000000e0000000, 0x00000000fa080000, 0x0000000100000000)
  eden space 278016K, 0% used [0x00000000e0000000,0x00000000e0000000,0x00000000f0f80000)
  from space 32768K, 99% used [0x00000000f8080000,0x00000000fa07bc68,0x00000000fa080000)
  to   space 24576K, 0% used [0x00000000f0f80000,0x00000000f0f80000,0x00000000f2780000)
 ParOldGen       total 131072K, used 80530K [0x00000000a0000000, 0x00000000a8000000, 0x00000000e0000000)
  object space 131072K, 61% used [0x00000000a0000000,0x00000000a4ea49a8,0x00000000a8000000)
 Metaspace       used 78092K, capacity 81127K, committed 81176K, reserved 1120256K
  class space    used 10380K, capacity 11042K, committed 11048K, reserved 1048576K
GC Heap History (10 events):
Event: 17.337 GC heap after
Heap after GC invocations=14 (full 3):
 PSYoungGen      total 206848K, used 18434K [0x00000000e0000000, 0x00000000f0c00000, 0x0000000100000000)
  eden space 185856K, 0% used [0x00000000e0000000,0x00000000e0000000,0x00000000eb580000)
  from space 20992K, 87% used [0x00000000eb580000,0x00000000ec7809e0,0x00000000eca00000)
  to   space 23040K, 0% used [0x00000000ef580000,0x00000000ef580000,0x00000000f0c00000)
 ParOldGen       total 131072K, used 37412K [0x00000000a0000000, 0x00000000a8000000, 0x00000000e0000000)
  object space 131072K, 28% used [0x00000000a0000000,0x00000000a2489220,0x00000000a8000000)
 Metaspace       used 65042K, capacity 67091K, committed 67224K, reserved 1107968K
  class space    used 8791K, capacity 9298K, committed 9384K, reserved 1048576K
}
Event: 20.867 GC heap before
{Heap before GC invocations=15 (full 3):
 PSYoungGen      total 206848K, used 204290K [0x00000000e0000000, 0x00000000f0c00000, 0x0000000100000000)
  eden space 185856K, 100% used [0x00000000e0000000,0x00000000eb580000,0x00000000eb580000)
  from space 20992K, 87% used [0x00000000eb580000,0x00000000ec7809e0,0x00000000eca00000)
  to   space 23040K, 0% used [0x00000000ef580000,0x00000000ef580000,0x00000000f0c00000)
 ParOldGen       total 131072K, used 37412K [0x00000000a0000000, 0x00000000a8000000, 0x00000000e0000000)
  object space 131072K, 28% used [0x00000000a0000000,0x00000000a2489220,0x00000000a8000000)
 Metaspace       used 68239K, capacity 70399K, committed 70680K, reserved 1110016K
  class space    used 9151K, capacity 9684K, committed 9768K, reserved 1048576K
Event: 20.892 GC heap after
Heap after GC invocations=15 (full 3):
 PSYoungGen      total 247296K, used 23018K [0x00000000e0000000, 0x00000000f0f00000, 0x0000000100000000)
  eden space 224256K, 0% used [0x00000000e0000000,0x00000000e0000000,0x00000000edb00000)
  from space 23040K, 99% used [0x00000000ef580000,0x00000000f0bfaa78,0x00000000f0c00000)
  to   space 26624K, 0% used [0x00000000edb00000,0x00000000edb00000,0x00000000ef500000)
 ParOldGen       total 131072K, used 37723K [0x00000000a0000000, 0x00000000a8000000, 0x00000000e0000000)
  object space 131072K, 28% used [0x00000000a0000000,0x00000000a24d6ef8,0x00000000a8000000)
 Metaspace       used 68239K, capacity 70399K, committed 70680K, reserved 1110016K
  class space    used 9151K, capacity 9684K, committed 9768K, reserved 1048576K
}
Event: 22.658 GC heap before
{Heap before GC invocations=16 (full 3):
 PSYoungGen      total 247296K, used 247274K [0x00000000e0000000, 0x00000000f0f00000, 0x0000000100000000)
  eden space 224256K, 100% used [0x00000000e0000000,0x00000000edb00000,0x00000000edb00000)
  from space 23040K, 99% used [0x00000000ef580000,0x00000000f0bfaa78,0x00000000f0c00000)
  to   space 26624K, 0% used [0x00000000edb00000,0x00000000edb00000,0x00000000ef500000)
 ParOldGen       total 131072K, used 37723K [0x00000000a0000000, 0x00000000a8000000, 0x00000000e0000000)
  object space 131072K, 28% used [0x00000000a0000000,0x00000000a24d6ef8,0x00000000a8000000)
 Metaspace       used 70194K, capacity 72457K, committed 72600K, reserved 1112064K
  class space    used 9335K, capacity 9888K, committed 9896K, reserved 1048576K
Event: 22.709 GC heap after
Heap after GC invocations=16 (full 3):
 PSYoungGen      total 250880K, used 11544K [0x00000000e0000000, 0x00000000f4000000, 0x0000000100000000)
  eden space 224256K, 0% used [0x00000000e0000000,0x00000000e0000000,0x00000000edb00000)
  from space 26624K, 43% used [0x00000000edb00000,0x00000000ee646308,0x00000000ef500000)
  to   space 25088K, 0% used [0x00000000f2780000,0x00000000f2780000,0x00000000f4000000)
 ParOldGen       total 131072K, used 58269K [0x00000000a0000000, 0x00000000a8000000, 0x00000000e0000000)
  object space 131072K, 44% used [0x00000000a0000000,0x00000000a38e77b0,0x00000000a8000000)
 Metaspace       used 70194K, capacity 72457K, committed 72600K, reserved 1112064K
  class space    used 9335K, capacity 9888K, committed 9896K, reserved 1048576K
}
Event: 23.404 GC heap before
{Heap before GC invocations=17 (full 3):
 PSYoungGen      total 250880K, used 235800K [0x00000000e0000000, 0x00000000f4000000, 0x0000000100000000)
  eden space 224256K, 100% used [0x00000000e0000000,0x00000000edb00000,0x00000000edb00000)
  from space 26624K, 43% used [0x00000000edb00000,0x00000000ee646308,0x00000000ef500000)
  to   space 25088K, 0% used [0x00000000f2780000,0x00000000f2780000,0x00000000f4000000)
 ParOldGen       total 131072K, used 58269K [0x00000000a0000000, 0x00000000a8000000, 0x00000000e0000000)
  object space 131072K, 44% used [0x00000000a0000000,0x00000000a38e77b0,0x00000000a8000000)
 Metaspace       used 70390K, capacity 72719K, committed 72856K, reserved 1112064K
  class space    used 9341K, capacity 9894K, committed 9896K, reserved 1048576K
Event: 23.431 GC heap after
Heap after GC invocations=17 (full 3):
 PSYoungGen      total 303104K, used 14292K [0x00000000e0000000, 0x00000000f4680000, 0x0000000100000000)
  eden space 278016K, 0% used [0x00000000e0000000,0x00000000e0000000,0x00000000f0f80000)
  from space 25088K, 56% used [0x00000000f2780000,0x00000000f3575250,0x00000000f4000000)
  to   space 24576K, 0% used [0x00000000f0f80000,0x00000000f0f80000,0x00000000f2780000)
 ParOldGen       total 131072K, used 58277K [0x00000000a0000000, 0x00000000a8000000, 0x00000000e0000000)
  object space 131072K, 44% used [0x00000000a0000000,0x00000000a38e97b0,0x00000000a8000000)
 Metaspace       used 70390K, capacity 72719K, committed 72856K, reserved 1112064K
  class space    used 9341K, capacity 9894K, committed 9896K, reserved 1048576K
}
Event: 24.803 GC heap before
{Heap before GC invocations=18 (full 3):
 PSYoungGen      total 303104K, used 292308K [0x00000000e0000000, 0x00000000f4680000, 0x0000000100000000)
  eden space 278016K, 100% used [0x00000000e0000000,0x00000000f0f80000,0x00000000f0f80000)
  from space 25088K, 56% used [0x00000000f2780000,0x00000000f3575250,0x00000000f4000000)
  to   space 24576K, 0% used [0x00000000f0f80000,0x00000000f0f80000,0x00000000f2780000)
 ParOldGen       total 131072K, used 58277K [0x00000000a0000000, 0x00000000a8000000, 0x00000000e0000000)
  object space 131072K, 44% used [0x00000000a0000000,0x00000000a38e97b0,0x00000000a8000000)
 Metaspace       used 70841K, capacity 73239K, committed 73496K, reserved 1112064K
  class space    used 9400K, capacity 9948K, committed 10024K, reserved 1048576K
Event: 24.860 GC heap after
Heap after GC invocations=18 (full 3):
 PSYoungGen      total 302592K, used 24564K [0x00000000e0000000, 0x00000000fa080000, 0x0000000100000000)
  eden space 278016K, 0% used [0x00000000e0000000,0x00000000e0000000,0x00000000f0f80000)
  from space 24576K, 99% used [0x00000000f0f80000,0x00000000f277d200,0x00000000f2780000)
  to   space 32768K, 0% used [0x00000000f8080000,0x00000000f8080000,0x00000000fa080000)
 ParOldGen       total 131072K, used 70792K [0x00000000a0000000, 0x00000000a8000000, 0x00000000e0000000)
  object space 131072K, 54% used [0x00000000a0000000,0x00000000a45223d0,0x00000000a8000000)
 Metaspace       used 70841K, capacity 73239K, committed 73496K, reserved 1112064K
  class space    used 9400K, capacity 9948K, committed 10024K, reserved 1048576K
}
Event: 65.347 GC heap before
{Heap before GC invocations=19 (full 3):
 PSYoungGen      total 302592K, used 302580K [0x00000000e0000000, 0x00000000fa080000, 0x0000000100000000)
  eden space 278016K, 100% used [0x00000000e0000000,0x00000000f0f80000,0x00000000f0f80000)
  from space 24576K, 99% used [0x00000000f0f80000,0x00000000f277d200,0x00000000f2780000)
  to   space 32768K, 0% used [0x00000000f8080000,0x00000000f8080000,0x00000000fa080000)
 ParOldGen       total 131072K, used 70792K [0x00000000a0000000, 0x00000000a8000000, 0x00000000e0000000)
  object space 131072K, 54% used [0x00000000a0000000,0x00000000a45223d0,0x00000000a8000000)
 Metaspace       used 78092K, capacity 81127K, committed 81176K, reserved 1120256K
  class space    used 10380K, capacity 11042K, committed 11048K, reserved 1048576K

